<?xml version="1.0" encoding="UTF-8"?>
<testng-results ignored="0" total="2" passed="2" failed="0" skipped="0">
  <reporter-output>
  </reporter-output>
  <suite started-at="2021-02-06T22:13:33 IST" name="Default suite" finished-at="2021-02-06T22:13:33 IST" duration-ms="63">
    <groups>
    </groups>
    <test started-at="2021-02-06T22:13:33 IST" name="Default test" finished-at="2021-02-06T22:13:33 IST" duration-ms="63">
      <class name="jenkinintg.MavJenkinTest">
        <test-method signature="login()[pri:0, instance:jenkinintg.MavJenkinTest@35047d03]" started-at="2021-02-06T22:13:33 IST" name="login" finished-at="2021-02-06T22:13:33 IST" duration-ms="11" status="PASS">
          <reporter-output>
          </reporter-output>
        </test-method> <!-- login -->
        <test-method signature="sum()[pri:0, instance:jenkinintg.MavJenkinTest@35047d03]" started-at="2021-02-06T22:13:33 IST" name="sum" finished-at="2021-02-06T22:13:33 IST" duration-ms="1" status="PASS">
          <reporter-output>
          </reporter-output>
        </test-method> <!-- sum -->
      </class> <!-- jenkinintg.MavJenkinTest -->
    </test> <!-- Default test -->
  </suite> <!-- Default suite -->
</testng-results>
